2019-02-18 09:44:38
<xml><ToUserName><![CDATA[gh_039ab0f43508]]></ToUserName>
<FromUserName><![CDATA[oErw15_FdEIac3VosV2OCxKlzujk]]></FromUserName>
<CreateTime>1550454278</CreateTime>
<MsgType><![CDATA[event]]></MsgType>
<Event><![CDATA[subscribe]]></Event>
<EventKey><![CDATA[]]></EventKey>
</xml>
<<<<<<<2019-02-18 09:45:16
<xml><ToUserName><![CDATA[gh_039ab0f43508]]></ToUserName>
<FromUserName><![CDATA[oErw15_FdEIac3VosV2OCxKlzujk]]></FromUserName>
<CreateTime>1550454316</CreateTime>
<MsgType><![CDATA[text]]></MsgType>
<Content><![CDATA[bucket]]></Content>
<MsgId>22197170300684421</MsgId>
</xml>
<<<<<<<2019-02-18 09:45:44
<xml><ToUserName><![CDATA[gh_039ab0f43508]]></ToUserName>
<FromUserName><![CDATA[oErw15_FdEIac3VosV2OCxKlzujk]]></FromUserName>
<CreateTime>1550454344</CreateTime>
<MsgType><![CDATA[event]]></MsgType>
<Event><![CDATA[subscribe]]></Event>
<EventKey><![CDATA[]]></EventKey>
</xml>
<<<<<<<2019-02-19 09:57:29
<xml><ToUserName><![CDATA[gh_039ab0f43508]]></ToUserName>
<FromUserName><![CDATA[oErw15_FdEIac3VosV2OCxKlzujk]]></FromUserName>
<CreateTime>1550541449</CreateTime>
<MsgType><![CDATA[event]]></MsgType>
<Event><![CDATA[unsubscribe]]></Event>
<EventKey><![CDATA[]]></EventKey>
</xml>
<<<<<<<2019-02-19 09:59:33
<xml><ToUserName><![CDATA[gh_039ab0f43508]]></ToUserName>
<FromUserName><![CDATA[oErw15_FdEIac3VosV2OCxKlzujk]]></FromUserName>
<CreateTime>1550541573</CreateTime>
<MsgType><![CDATA[event]]></MsgType>
<Event><![CDATA[unsubscribe]]></Event>
<EventKey><![CDATA[]]></EventKey>
</xml>
<<<<<<<2019-02-19 10:01:40
<xml><ToUserName><![CDATA[gh_039ab0f43508]]></ToUserName>
<FromUserName><![CDATA[oErw15_FdEIac3VosV2OCxKlzujk]]></FromUserName>
<CreateTime>1550541700</CreateTime>
<MsgType><![CDATA[event]]></MsgType>
<Event><![CDATA[unsubscribe]]></Event>
<EventKey><![CDATA[]]></EventKey>
</xml>
<<<<<<<2019-02-19 10:13:09
<xml><ToUserName><![CDATA[gh_039ab0f43508]]></ToUserName>
<FromUserName><![CDATA[oErw15_FdEIac3VosV2OCxKlzujk]]></FromUserName>
<CreateTime>1550542389</CreateTime>
<MsgType><![CDATA[event]]></MsgType>
<Event><![CDATA[unsubscribe]]></Event>
<EventKey><![CDATA[]]></EventKey>
</xml>
<<<<<<<2019-02-19 10:17:49
<xml><ToUserName><![CDATA[gh_039ab0f43508]]></ToUserName>
<FromUserName><![CDATA[oErw15_FdEIac3VosV2OCxKlzujk]]></FromUserName>
<CreateTime>1550542669</CreateTime>
<MsgType><![CDATA[event]]></MsgType>
<Event><![CDATA[unsubscribe]]></Event>
<EventKey><![CDATA[]]></EventKey>
</xml>
<<<<<<<2019-02-19 10:25:10
<xml><ToUserName><![CDATA[gh_039ab0f43508]]></ToUserName>
<FromUserName><![CDATA[oErw15_FdEIac3VosV2OCxKlzujk]]></FromUserName>
<CreateTime>1550543109</CreateTime>
<MsgType><![CDATA[event]]></MsgType>
<Event><![CDATA[unsubscribe]]></Event>
<EventKey><![CDATA[]]></EventKey>
</xml>
<<<<<<<2019-02-19 10:26:12
<xml><ToUserName><![CDATA[gh_039ab0f43508]]></ToUserName>
<FromUserName><![CDATA[oErw15_FdEIac3VosV2OCxKlzujk]]></FromUserName>
<CreateTime>1550543172</CreateTime>
<MsgType><![CDATA[event]]></MsgType>
<Event><![CDATA[unsubscribe]]></Event>
<EventKey><![CDATA[]]></EventKey>
</xml>
<<<<<<<2019-02-19 10:33:35
<xml><ToUserName><![CDATA[gh_039ab0f43508]]></ToUserName>
<FromUserName><![CDATA[oErw15_FdEIac3VosV2OCxKlzujk]]></FromUserName>
<CreateTime>1550543615</CreateTime>
<MsgType><![CDATA[event]]></MsgType>
<Event><![CDATA[unsubscribe]]></Event>
<EventKey><![CDATA[]]></EventKey>
</xml>
<<<<<<<2019-02-19 10:34:52
<xml><ToUserName><![CDATA[gh_039ab0f43508]]></ToUserName>
<FromUserName><![CDATA[oErw15_FdEIac3VosV2OCxKlzujk]]></FromUserName>
<CreateTime>1550543691</CreateTime>
<MsgType><![CDATA[event]]></MsgType>
<Event><![CDATA[subscribe]]></Event>
<EventKey><![CDATA[]]></EventKey>
</xml>
<<<<<<<2019-02-19 10:36:46
<xml><ToUserName><![CDATA[gh_039ab0f43508]]></ToUserName>
<FromUserName><![CDATA[oErw15_FdEIac3VosV2OCxKlzujk]]></FromUserName>
<CreateTime>1550543806</CreateTime>
<MsgType><![CDATA[event]]></MsgType>
<Event><![CDATA[VIEW]]></Event>
<EventKey><![CDATA[https://www.baidu.com]]></EventKey>
<MenuId>419922986</MenuId>
</xml>
<<<<<<<2019-02-19 10:59:17
<xml><ToUserName><![CDATA[gh_039ab0f43508]]></ToUserName>
<FromUserName><![CDATA[oErw15_FdEIac3VosV2OCxKlzujk]]></FromUserName>
<CreateTime>1550545157</CreateTime>
<MsgType><![CDATA[event]]></MsgType>
<Event><![CDATA[subscribe]]></Event>
<EventKey><![CDATA[]]></EventKey>
</xml>
<<<<<<<2019-02-19 11:03:45
<xml><ToUserName><![CDATA[gh_039ab0f43508]]></ToUserName>
<FromUserName><![CDATA[oErw15_FdEIac3VosV2OCxKlzujk]]></FromUserName>
<CreateTime>1550545424</CreateTime>
<MsgType><![CDATA[event]]></MsgType>
<Event><![CDATA[subscribe]]></Event>
<EventKey><![CDATA[]]></EventKey>
</xml>
<<<<<<<2019-02-19 11:03:55
<xml><ToUserName><![CDATA[gh_039ab0f43508]]></ToUserName>
<FromUserName><![CDATA[oErw15_FdEIac3VosV2OCxKlzujk]]></FromUserName>
<CreateTime>1550545435</CreateTime>
<MsgType><![CDATA[event]]></MsgType>
<Event><![CDATA[unsubscribe]]></Event>
<EventKey><![CDATA[]]></EventKey>
</xml>
<<<<<<<2019-02-19 11:04:04
<xml><ToUserName><![CDATA[gh_039ab0f43508]]></ToUserName>
<FromUserName><![CDATA[oErw15_FdEIac3VosV2OCxKlzujk]]></FromUserName>
<CreateTime>1550545444</CreateTime>
<MsgType><![CDATA[event]]></MsgType>
<Event><![CDATA[subscribe]]></Event>
<EventKey><![CDATA[]]></EventKey>
</xml>
<<<<<<<2019-02-19 11:04:26
<xml><ToUserName><![CDATA[gh_039ab0f43508]]></ToUserName>
<FromUserName><![CDATA[oErw15_FdEIac3VosV2OCxKlzujk]]></FromUserName>
<CreateTime>1550545466</CreateTime>
<MsgType><![CDATA[event]]></MsgType>
<Event><![CDATA[subscribe]]></Event>
<EventKey><![CDATA[]]></EventKey>
</xml>
<<<<<<<2019-02-19 11:14:17
<xml><ToUserName><![CDATA[gh_039ab0f43508]]></ToUserName>
<FromUserName><![CDATA[oErw15_FdEIac3VosV2OCxKlzujk]]></FromUserName>
<CreateTime>1550546057</CreateTime>
<MsgType><![CDATA[event]]></MsgType>
<Event><![CDATA[subscribe]]></Event>
<EventKey><![CDATA[]]></EventKey>
</xml>
<<<<<<<2019-02-19 11:14:24
<xml><ToUserName><![CDATA[gh_039ab0f43508]]></ToUserName>
<FromUserName><![CDATA[oErw15_FdEIac3VosV2OCxKlzujk]]></FromUserName>
<CreateTime>1550546064</CreateTime>
<MsgType><![CDATA[event]]></MsgType>
<Event><![CDATA[VIEW]]></Event>
<EventKey><![CDATA[https://www.baidu.com]]></EventKey>
<MenuId>419922989</MenuId>
</xml>
<<<<<<<2019-02-19 11:14:36
<xml><ToUserName><![CDATA[gh_039ab0f43508]]></ToUserName>
<FromUserName><![CDATA[oErw15_FdEIac3VosV2OCxKlzujk]]></FromUserName>
<CreateTime>1550546075</CreateTime>
<MsgType><![CDATA[event]]></MsgType>
<Event><![CDATA[unsubscribe]]></Event>
<EventKey><![CDATA[]]></EventKey>
</xml>
<<<<<<<2019-02-19 11:14:45
<xml><ToUserName><![CDATA[gh_039ab0f43508]]></ToUserName>
<FromUserName><![CDATA[oErw15_FdEIac3VosV2OCxKlzujk]]></FromUserName>
<CreateTime>1550546085</CreateTime>
<MsgType><![CDATA[event]]></MsgType>
<Event><![CDATA[subscribe]]></Event>
<EventKey><![CDATA[]]></EventKey>
</xml>
<<<<<<<2019-02-19 11:15:34
<xml><ToUserName><![CDATA[gh_039ab0f43508]]></ToUserName>
<FromUserName><![CDATA[oErw15_FdEIac3VosV2OCxKlzujk]]></FromUserName>
<CreateTime>1550546134</CreateTime>
<MsgType><![CDATA[event]]></MsgType>
<Event><![CDATA[unsubscribe]]></Event>
<EventKey><![CDATA[]]></EventKey>
</xml>
<<<<<<<2019-02-19 11:41:18
<xml><ToUserName><![CDATA[gh_039ab0f43508]]></ToUserName>
<FromUserName><![CDATA[oErw15_FdEIac3VosV2OCxKlzujk]]></FromUserName>
<CreateTime>1550547677</CreateTime>
<MsgType><![CDATA[event]]></MsgType>
<Event><![CDATA[subscribe]]></Event>
<EventKey><![CDATA[]]></EventKey>
</xml>
<<<<<<<2019-02-19 11:46:42
<xml><ToUserName><![CDATA[gh_039ab0f43508]]></ToUserName>
<FromUserName><![CDATA[oErw15_FdEIac3VosV2OCxKlzujk]]></FromUserName>
<CreateTime>1550548002</CreateTime>
<MsgType><![CDATA[event]]></MsgType>
<Event><![CDATA[subscribe]]></Event>
<EventKey><![CDATA[]]></EventKey>
</xml>
<<<<<<<2019-02-19 11:47:54
<xml><ToUserName><![CDATA[gh_039ab0f43508]]></ToUserName>
<FromUserName><![CDATA[oErw15_FdEIac3VosV2OCxKlzujk]]></FromUserName>
<CreateTime>1550548074</CreateTime>
<MsgType><![CDATA[event]]></MsgType>
<Event><![CDATA[unsubscribe]]></Event>
<EventKey><![CDATA[]]></EventKey>
</xml>
<<<<<<<2019-02-19 11:48:01
<xml><ToUserName><![CDATA[gh_039ab0f43508]]></ToUserName>
<FromUserName><![CDATA[oErw15_FdEIac3VosV2OCxKlzujk]]></FromUserName>
<CreateTime>1550548081</CreateTime>
<MsgType><![CDATA[event]]></MsgType>
<Event><![CDATA[subscribe]]></Event>
<EventKey><![CDATA[]]></EventKey>
</xml>
<<<<<<<2019-02-19 11:48:45
<xml><ToUserName><![CDATA[gh_039ab0f43508]]></ToUserName>
<FromUserName><![CDATA[oErw15_FdEIac3VosV2OCxKlzujk]]></FromUserName>
<CreateTime>1550548125</CreateTime>
<MsgType><![CDATA[event]]></MsgType>
<Event><![CDATA[unsubscribe]]></Event>
<EventKey><![CDATA[]]></EventKey>
</xml>
<<<<<<<2019-02-19 11:49:01
<xml><ToUserName><![CDATA[gh_039ab0f43508]]></ToUserName>
<FromUserName><![CDATA[oErw15_FdEIac3VosV2OCxKlzujk]]></FromUserName>
<CreateTime>1550548140</CreateTime>
<MsgType><![CDATA[event]]></MsgType>
<Event><![CDATA[subscribe]]></Event>
<EventKey><![CDATA[]]></EventKey>
</xml>
<<<<<<<2019-02-19 11:50:55
<xml><ToUserName><![CDATA[gh_039ab0f43508]]></ToUserName>
<FromUserName><![CDATA[oErw15_FdEIac3VosV2OCxKlzujk]]></FromUserName>
<CreateTime>1550548254</CreateTime>
<MsgType><![CDATA[event]]></MsgType>
<Event><![CDATA[unsubscribe]]></Event>
<EventKey><![CDATA[]]></EventKey>
</xml>
<<<<<<<2019-02-19 11:53:34
<xml><ToUserName><![CDATA[gh_039ab0f43508]]></ToUserName>
<FromUserName><![CDATA[oErw15_FdEIac3VosV2OCxKlzujk]]></FromUserName>
<CreateTime>1550548414</CreateTime>
<MsgType><![CDATA[event]]></MsgType>
<Event><![CDATA[subscribe]]></Event>
<EventKey><![CDATA[]]></EventKey>
</xml>
<<<<<<<2019-02-19 11:54:05
<xml><ToUserName><![CDATA[gh_039ab0f43508]]></ToUserName>
<FromUserName><![CDATA[oErw152gQfHeSu1x5hSOx6g-ZzkQ]]></FromUserName>
<CreateTime>1550548444</CreateTime>
<MsgType><![CDATA[event]]></MsgType>
<Event><![CDATA[subscribe]]></Event>
<EventKey><![CDATA[]]></EventKey>
</xml>
<<<<<<<2019-02-19 11:54:11
<xml><ToUserName><![CDATA[gh_039ab0f43508]]></ToUserName>
<FromUserName><![CDATA[oErw152gQfHeSu1x5hSOx6g-ZzkQ]]></FromUserName>
<CreateTime>1550548451</CreateTime>
<MsgType><![CDATA[event]]></MsgType>
<Event><![CDATA[unsubscribe]]></Event>
<EventKey><![CDATA[]]></EventKey>
</xml>
<<<<<<<2019-02-19 11:54:12
<xml><ToUserName><![CDATA[gh_039ab0f43508]]></ToUserName>
<FromUserName><![CDATA[oErw15_FdEIac3VosV2OCxKlzujk]]></FromUserName>
<CreateTime>1550548452</CreateTime>
<MsgType><![CDATA[event]]></MsgType>
<Event><![CDATA[unsubscribe]]></Event>
<EventKey><![CDATA[]]></EventKey>
</xml>
<<<<<<<2019-02-19 11:54:23
<xml><ToUserName><![CDATA[gh_039ab0f43508]]></ToUserName>
<FromUserName><![CDATA[oErw15_FdEIac3VosV2OCxKlzujk]]></FromUserName>
<CreateTime>1550548463</CreateTime>
<MsgType><![CDATA[event]]></MsgType>
<Event><![CDATA[subscribe]]></Event>
<EventKey><![CDATA[]]></EventKey>
</xml>
<<<<<<<2019-02-19 11:54:27
<xml><ToUserName><![CDATA[gh_039ab0f43508]]></ToUserName>
<FromUserName><![CDATA[oErw15_FdEIac3VosV2OCxKlzujk]]></FromUserName>
<CreateTime>1550548467</CreateTime>
<MsgType><![CDATA[event]]></MsgType>
<Event><![CDATA[view_miniprogram]]></Event>
<EventKey><![CDATA[pages/lunar/index]]></EventKey>
<MenuId>419923003</MenuId>
</xml>
<<<<<<<2019-02-19 11:54:30
<xml><ToUserName><![CDATA[gh_039ab0f43508]]></ToUserName>
<FromUserName><![CDATA[oErw15_FdEIac3VosV2OCxKlzujk]]></FromUserName>
<CreateTime>1550548470</CreateTime>
<MsgType><![CDATA[event]]></MsgType>
<Event><![CDATA[view_miniprogram]]></Event>
<EventKey><![CDATA[pages/lunar/index]]></EventKey>
<MenuId>419923003</MenuId>
</xml>
<<<<<<<2019-02-19 11:54:46
<xml><ToUserName><![CDATA[gh_039ab0f43508]]></ToUserName>
<FromUserName><![CDATA[oErw15_FdEIac3VosV2OCxKlzujk]]></FromUserName>
<CreateTime>1550548486</CreateTime>
<MsgType><![CDATA[event]]></MsgType>
<Event><![CDATA[VIEW]]></Event>
<EventKey><![CDATA[https://music.163.com/]]></EventKey>
<MenuId>419923003</MenuId>
</xml>
<<<<<<<2019-02-19 11:54:53
<xml><ToUserName><![CDATA[gh_039ab0f43508]]></ToUserName>
<FromUserName><![CDATA[oErw15_FdEIac3VosV2OCxKlzujk]]></FromUserName>
<CreateTime>1550548492</CreateTime>
<MsgType><![CDATA[event]]></MsgType>
<Event><![CDATA[CLICK]]></Event>
<EventKey><![CDATA[V1001_GOOD]]></EventKey>
</xml>
<<<<<<<2019-02-19 11:54:58
<xml><ToUserName><![CDATA[gh_039ab0f43508]]></ToUserName>
<FromUserName><![CDATA[oErw15_FdEIac3VosV2OCxKlzujk]]></FromUserName>
<CreateTime>1550548498</CreateTime>
<MsgType><![CDATA[event]]></MsgType>
<Event><![CDATA[VIEW]]></Event>
<EventKey><![CDATA[https://music.163.com/]]></EventKey>
<MenuId>419923003</MenuId>
</xml>
<<<<<<<2019-02-19 11:55:00
<xml><ToUserName><![CDATA[gh_039ab0f43508]]></ToUserName>
<FromUserName><![CDATA[oErw15_FdEIac3VosV2OCxKlzujk]]></FromUserName>
<CreateTime>1550548500</CreateTime>
<MsgType><![CDATA[event]]></MsgType>
<Event><![CDATA[view_miniprogram]]></Event>
<EventKey><![CDATA[pages/lunar/index]]></EventKey>
<MenuId>419923003</MenuId>
</xml>
<<<<<<<2019-02-19 13:36:29
<xml><ToUserName><![CDATA[gh_039ab0f43508]]></ToUserName>
<FromUserName><![CDATA[oErw15_FdEIac3VosV2OCxKlzujk]]></FromUserName>
<CreateTime>1550554589</CreateTime>
<MsgType><![CDATA[event]]></MsgType>
<Event><![CDATA[subscribe]]></Event>
<EventKey><![CDATA[]]></EventKey>
</xml>
<<<<<<<2019-02-19 14:11:01
<xml><ToUserName><![CDATA[gh_039ab0f43508]]></ToUserName>
<FromUserName><![CDATA[oErw15_FdEIac3VosV2OCxKlzujk]]></FromUserName>
<CreateTime>1550556660</CreateTime>
<MsgType><![CDATA[event]]></MsgType>
<Event><![CDATA[subscribe]]></Event>
<EventKey><![CDATA[]]></EventKey>
</xml>
<<<<<<<2019-02-19 14:11:03
<xml><ToUserName><![CDATA[gh_039ab0f43508]]></ToUserName>
<FromUserName><![CDATA[oErw15_FdEIac3VosV2OCxKlzujk]]></FromUserName>
<CreateTime>1550556663</CreateTime>
<MsgType><![CDATA[event]]></MsgType>
<Event><![CDATA[CLICK]]></Event>
<EventKey><![CDATA[kefu01]]></EventKey>
</xml>
<<<<<<<2019-02-19 14:11:08
<xml><ToUserName><![CDATA[gh_039ab0f43508]]></ToUserName>
<FromUserName><![CDATA[oErw15_FdEIac3VosV2OCxKlzujk]]></FromUserName>
<CreateTime>1550556668</CreateTime>
<MsgType><![CDATA[event]]></MsgType>
<Event><![CDATA[CLICK]]></Event>
<EventKey><![CDATA[kefu01]]></EventKey>
</xml>
<<<<<<<2019-02-19 14:22:10
<xml><ToUserName><![CDATA[gh_039ab0f43508]]></ToUserName>
<FromUserName><![CDATA[oErw15_FdEIac3VosV2OCxKlzujk]]></FromUserName>
<CreateTime>1550557330</CreateTime>
<MsgType><![CDATA[event]]></MsgType>
<Event><![CDATA[subscribe]]></Event>
<EventKey><![CDATA[]]></EventKey>
</xml>
<<<<<<<2019-02-19 14:22:13
<xml><ToUserName><![CDATA[gh_039ab0f43508]]></ToUserName>
<FromUserName><![CDATA[oErw15_FdEIac3VosV2OCxKlzujk]]></FromUserName>
<CreateTime>1550557333</CreateTime>
<MsgType><![CDATA[event]]></MsgType>
<Event><![CDATA[CLICK]]></Event>
<EventKey><![CDATA[kefu01]]></EventKey>
</xml>
<<<<<<<2019-02-19 15:20:43
<xml><ToUserName><![CDATA[gh_039ab0f43508]]></ToUserName>
<FromUserName><![CDATA[oErw15_FdEIac3VosV2OCxKlzujk]]></FromUserName>
<CreateTime>1550560843</CreateTime>
<MsgType><![CDATA[event]]></MsgType>
<Event><![CDATA[unsubscribe]]></Event>
<EventKey><![CDATA[]]></EventKey>
</xml>
<<<<<<<2019-02-19 15:23:04
<xml><ToUserName><![CDATA[gh_039ab0f43508]]></ToUserName>
<FromUserName><![CDATA[oErw15_FdEIac3VosV2OCxKlzujk]]></FromUserName>
<CreateTime>1550560984</CreateTime>
<MsgType><![CDATA[event]]></MsgType>
<Event><![CDATA[subscribe]]></Event>
<EventKey><![CDATA[]]></EventKey>
</xml>
<<<<<<<2019-02-20 09:44:28
<xml><ToUserName><![CDATA[gh_039ab0f43508]]></ToUserName>
<FromUserName><![CDATA[oErw15_FdEIac3VosV2OCxKlzujk]]></FromUserName>
<CreateTime>1550627068</CreateTime>
<MsgType><![CDATA[image]]></MsgType>
<PicUrl><![CDATA[http://mmbiz.qpic.cn/mmbiz_jpg/oBVLqcUncl2R5I5oJsZmb1icHHTyKAHiaiaNV2EX0guNoLM6OqC1uRpwxHe3icIpAGWF4pPb7R2NSpWeJgVgwPQm9w/0]]></PicUrl>
<MsgId>22199638137865328</MsgId>
<MediaId><![CDATA[H81WFL-RQOr93VMo9ivjNGMRjj2Yb-zReeAWmBukgCdlp30c9v2YsdealhFyv8hg]]></MediaId>
</xml>
<<<<<<<2019-02-20 09:50:54
<xml><ToUserName><![CDATA[gh_039ab0f43508]]></ToUserName>
<FromUserName><![CDATA[oErw15_FdEIac3VosV2OCxKlzujk]]></FromUserName>
<CreateTime>1550627454</CreateTime>
<MsgType><![CDATA[event]]></MsgType>
<Event><![CDATA[unsubscribe]]></Event>
<EventKey><![CDATA[]]></EventKey>
</xml>
<<<<<<<2019-02-20 09:57:38
<xml><ToUserName><![CDATA[gh_039ab0f43508]]></ToUserName>
<FromUserName><![CDATA[oErw15_FdEIac3VosV2OCxKlzujk]]></FromUserName>
<CreateTime>1550627858</CreateTime>
<MsgType><![CDATA[event]]></MsgType>
<Event><![CDATA[subscribe]]></Event>
<EventKey><![CDATA[]]></EventKey>
</xml>
<<<<<<<2019-02-20 09:57:44
<xml><ToUserName><![CDATA[gh_039ab0f43508]]></ToUserName>
<FromUserName><![CDATA[oErw15_FdEIac3VosV2OCxKlzujk]]></FromUserName>
<CreateTime>1550627864</CreateTime>
<MsgType><![CDATA[event]]></MsgType>
<Event><![CDATA[unsubscribe]]></Event>
<EventKey><![CDATA[]]></EventKey>
</xml>
<<<<<<<2019-02-20 09:58:16
<xml><ToUserName><![CDATA[gh_039ab0f43508]]></ToUserName>
<FromUserName><![CDATA[oErw15_FdEIac3VosV2OCxKlzujk]]></FromUserName>
<CreateTime>1550627896</CreateTime>
<MsgType><![CDATA[event]]></MsgType>
<Event><![CDATA[subscribe]]></Event>
<EventKey><![CDATA[]]></EventKey>
</xml>
<<<<<<<2019-02-20 09:58:27
<xml><ToUserName><![CDATA[gh_039ab0f43508]]></ToUserName>
<FromUserName><![CDATA[oErw15_FdEIac3VosV2OCxKlzujk]]></FromUserName>
<CreateTime>1550627906</CreateTime>
<MsgType><![CDATA[image]]></MsgType>
<PicUrl><![CDATA[http://mmbiz.qpic.cn/mmbiz_jpg/oBVLqcUncl2R5I5oJsZmb1icHHTyKAHiaiaNV2EX0guNoLM6OqC1uRpwxHe3icIpAGWF4pPb7R2NSpWeJgVgwPQm9w/0]]></PicUrl>
<MsgId>22199653374292207</MsgId>
<MediaId><![CDATA[LS7YQb0tAiQGJBx_N3jPU0FD61fieth6h3HEM3sPp5Z7v2RC03G26nMdVwQ7DN-K]]></MediaId>
</xml>
<<<<<<<2019-02-20 10:03:09
<xml><ToUserName><![CDATA[gh_039ab0f43508]]></ToUserName>
<FromUserName><![CDATA[oErw15_FdEIac3VosV2OCxKlzujk]]></FromUserName>
<CreateTime>1550628189</CreateTime>
<MsgType><![CDATA[image]]></MsgType>
<PicUrl><![CDATA[http://mmbiz.qpic.cn/mmbiz_jpg/oBVLqcUncl2R5I5oJsZmb1icHHTyKAHiaia0ynCB8q3021oOnplOicyYTrqvyU5rBTlpEZ1rXmpgFIWibziakXiadOtgw/0]]></PicUrl>
<MsgId>22199659356248492</MsgId>
<MediaId><![CDATA[d8J9pSpaJofcGxQp7qA27gYzHHwjM6EYdCv64CJmhO5whgRE1dcmroJJ_BfMG_jw]]></MediaId>
</xml>
<<<<<<<2019-02-20 10:03:10
<xml><ToUserName><![CDATA[gh_039ab0f43508]]></ToUserName>
<FromUserName><![CDATA[oErw15_FdEIac3VosV2OCxKlzujk]]></FromUserName>
<CreateTime>1550628189</CreateTime>
<MsgType><![CDATA[image]]></MsgType>
<PicUrl><![CDATA[http://mmbiz.qpic.cn/mmbiz_jpg/oBVLqcUncl2R5I5oJsZmb1icHHTyKAHiaia0ynCB8q3021oOnplOicyYTrqvyU5rBTlpEZ1rXmpgFIWibziakXiadOtgw/0]]></PicUrl>
<MsgId>22199659356248492</MsgId>
<MediaId><![CDATA[v9IvNOf3dEZJjaaUBw2zp3iwMCYTQuSDX4l4WVy4CrZRbX_i0WPEeiQe2wtrpvyj]]></MediaId>
</xml>
<<<<<<<2019-02-20 10:19:56
<xml><ToUserName><![CDATA[gh_039ab0f43508]]></ToUserName>
<FromUserName><![CDATA[oErw15_FdEIac3VosV2OCxKlzujk]]></FromUserName>
<CreateTime>1550629196</CreateTime>
<MsgType><![CDATA[image]]></MsgType>
<PicUrl><![CDATA[http://mmbiz.qpic.cn/mmbiz_jpg/oBVLqcUncl2R5I5oJsZmb1icHHTyKAHiaiau096uZBPFPe4Y9k02ULsGWibZrJib1ibI9hgXuUDF1lvibiaT0Ay6SQ5ctg/0]]></PicUrl>
<MsgId>22199669121827651</MsgId>
<MediaId><![CDATA[ojYSsJoXxrL-81j9ihpsC48qx_lhuPZv_buUe_hXEaXgFml7FCj0s-J8mADRSAi-]]></MediaId>
</xml>
<<<<<<<2019-02-20 10:46:06
<xml><ToUserName><![CDATA[gh_039ab0f43508]]></ToUserName>
<FromUserName><![CDATA[oErw15_FdEIac3VosV2OCxKlzujk]]></FromUserName>
<CreateTime>1550630766</CreateTime>
<MsgType><![CDATA[event]]></MsgType>
<Event><![CDATA[view_miniprogram]]></Event>
<EventKey><![CDATA[pages/lunar/index]]></EventKey>
<MenuId>419923206</MenuId>
</xml>
<<<<<<<2019-02-20 10:46:09
<xml><ToUserName><![CDATA[gh_039ab0f43508]]></ToUserName>
<FromUserName><![CDATA[oErw15_FdEIac3VosV2OCxKlzujk]]></FromUserName>
<CreateTime>1550630769</CreateTime>
<MsgType><![CDATA[event]]></MsgType>
<Event><![CDATA[CLICK]]></Event>
<EventKey><![CDATA[kefu01]]></EventKey>
</xml>
<<<<<<<2019-02-20 10:46:14
<xml><ToUserName><![CDATA[gh_039ab0f43508]]></ToUserName>
<FromUserName><![CDATA[oErw15_FdEIac3VosV2OCxKlzujk]]></FromUserName>
<CreateTime>1550630774</CreateTime>
<MsgType><![CDATA[event]]></MsgType>
<Event><![CDATA[VIEW]]></Event>
<EventKey><![CDATA[https://baidu.com/]]></EventKey>
<MenuId>419923206</MenuId>
</xml>
<<<<<<<2019-02-20 10:46:22
<xml><ToUserName><![CDATA[gh_039ab0f43508]]></ToUserName>
<FromUserName><![CDATA[oErw15_FdEIac3VosV2OCxKlzujk]]></FromUserName>
<CreateTime>1550630782</CreateTime>
<MsgType><![CDATA[event]]></MsgType>
<Event><![CDATA[VIEW]]></Event>
<EventKey><![CDATA[https://music.163.com/]]></EventKey>
<MenuId>419923206</MenuId>
</xml>
<<<<<<<2019-02-20 10:53:23
<xml><ToUserName><![CDATA[gh_039ab0f43508]]></ToUserName>
<FromUserName><![CDATA[oErw15_FdEIac3VosV2OCxKlzujk]]></FromUserName>
<CreateTime>1550631203</CreateTime>
<MsgType><![CDATA[voice]]></MsgType>
<MediaId><![CDATA[9JmWwZNFlokmBTpvCruQzfLKhBhcLrcac7G-fwm9Tx-ahpMnRqfQFKvjgc6EhfMZ]]></MediaId>
<Format><![CDATA[amr]]></Format>
<MsgId>22199700683184505</MsgId>
<Recognition><![CDATA[]]></Recognition>
</xml>
<<<<<<<2019-02-20 11:00:36
<xml><ToUserName><![CDATA[gh_039ab0f43508]]></ToUserName>
<FromUserName><![CDATA[oErw15_FdEIac3VosV2OCxKlzujk]]></FromUserName>
<CreateTime>1550631636</CreateTime>
<MsgType><![CDATA[event]]></MsgType>
<Event><![CDATA[CLICK]]></Event>
<EventKey><![CDATA[kefu01]]></EventKey>
</xml>
<<<<<<<2019-02-20 11:19:09
<xml><ToUserName><![CDATA[gh_039ab0f43508]]></ToUserName>
<FromUserName><![CDATA[oErw15_FdEIac3VosV2OCxKlzujk]]></FromUserName>
<CreateTime>1550632749</CreateTime>
<MsgType><![CDATA[voice]]></MsgType>
<MediaId><![CDATA[W9AQSpIbzpCgvHwCg8g2jdI_6oSBHnMwFFNR-JJH2sKWPpoMeQ5EE_BPV5UqcphI]]></MediaId>
<Format><![CDATA[amr]]></Format>
<MsgId>22199723022907937</MsgId>
<Recognition><![CDATA[]]></Recognition>
</xml>
<<<<<<<2019-02-20 11:41:11
<xml><ToUserName><![CDATA[gh_039ab0f43508]]></ToUserName>
<FromUserName><![CDATA[oErw15_FdEIac3VosV2OCxKlzujk]]></FromUserName>
<CreateTime>1550634071</CreateTime>
<MsgType><![CDATA[event]]></MsgType>
<Event><![CDATA[unsubscribe]]></Event>
<EventKey><![CDATA[]]></EventKey>
</xml>
<<<<<<<2019-02-20 11:41:23
<xml><ToUserName><![CDATA[gh_039ab0f43508]]></ToUserName>
<FromUserName><![CDATA[oErw15_FdEIac3VosV2OCxKlzujk]]></FromUserName>
<CreateTime>1550634083</CreateTime>
<MsgType><![CDATA[event]]></MsgType>
<Event><![CDATA[subscribe]]></Event>
<EventKey><![CDATA[]]></EventKey>
</xml>
<<<<<<<2019-02-20 11:44:10
<xml><ToUserName><![CDATA[gh_039ab0f43508]]></ToUserName>
<FromUserName><![CDATA[oErw15_FdEIac3VosV2OCxKlzujk]]></FromUserName>
<CreateTime>1550634249</CreateTime>
<MsgType><![CDATA[event]]></MsgType>
<Event><![CDATA[unsubscribe]]></Event>
<EventKey><![CDATA[]]></EventKey>
</xml>
<<<<<<<2019-02-20 11:44:26
<xml><ToUserName><![CDATA[gh_039ab0f43508]]></ToUserName>
<FromUserName><![CDATA[oErw15_FdEIac3VosV2OCxKlzujk]]></FromUserName>
<CreateTime>1550634266</CreateTime>
<MsgType><![CDATA[event]]></MsgType>
<Event><![CDATA[subscribe]]></Event>
<EventKey><![CDATA[]]></EventKey>
</xml>
<<<<<<<2019-02-20 11:46:57
<xml><ToUserName><![CDATA[gh_039ab0f43508]]></ToUserName>
<FromUserName><![CDATA[oErw15_FdEIac3VosV2OCxKlzujk]]></FromUserName>
<CreateTime>1550634416</CreateTime>
<MsgType><![CDATA[video]]></MsgType>
<MediaId><![CDATA[nrYR1geyI_ZRtvMDAqhLg-YoBXko6-B2auNZDPxfgLQtJaS9D7gP4BWiRk7iq-Jv]]></MediaId>
<ThumbMediaId><![CDATA[B06MjoMrl8CEHEb2dbYyXwGuivr41lnUOeyW8yNtcjIqpkIGKxWWdgIHFvnbGVmP]]></ThumbMediaId>
<MsgId>22199748041076281</MsgId>
</xml>
<<<<<<<2019-02-20 14:57:08
<xml><ToUserName><![CDATA[gh_039ab0f43508]]></ToUserName>
<FromUserName><![CDATA[oErw1504zmWqjyj8J61ZFRpVj36U]]></FromUserName>
<CreateTime>1550645828</CreateTime>
<MsgType><![CDATA[event]]></MsgType>
<Event><![CDATA[MASSSENDJOBFINISH]]></Event>
<MsgID>1000000012</MsgID>
<Status><![CDATA[send success]]></Status>
<TotalCount>1</TotalCount>
<FilterCount>1</FilterCount>
<SentCount>1</SentCount>
<ErrorCount>0</ErrorCount>
<CopyrightCheckResult><Count>0</Count>
<ResultList></ResultList>
<CheckState>0</CheckState>
</CopyrightCheckResult>
</xml>
<<<<<<<2019-02-20 18:23:36
<xml><ToUserName><![CDATA[gh_039ab0f43508]]></ToUserName>
<FromUserName><![CDATA[oErw15_FdEIac3VosV2OCxKlzujk]]></FromUserName>
<CreateTime>1550632749</CreateTime>
<MsgType><![CDATA[voice]]></MsgType>
<MediaId><![CDATA[W9AQSpIbzpCgvHwCg8g2jdI_6oSBHnMwFFNR-JJH2sKWPpoMeQ5EE_BPV5UqcphI]]></MediaId>
<Format><![CDATA[amr]]></Format>
<MsgId>22199723022907937</MsgId>
<Recognition><![CDATA[]]></Recognition>
</xml>

<<<<<<<2019-02-20 18:23:58
<xml><ToUserName><![CDATA[gh_039ab0f43508]]></ToUserName>
<FromUserName><![CDATA[oErw15_FdEIac3VosV2OCxKlzujk]]></FromUserName>
<CreateTime>1550658237</CreateTime>
<MsgType><![CDATA[voice]]></MsgType>
<MediaId><![CDATA[jUl8AGZyzB-8xsHkKEqKg51pFeBiV1921Ii1VH3JCyW6zzWkhSHbjhRRGwzaGnIN]]></MediaId>
<Format><![CDATA[amr]]></Format>
<MsgId>22200087345541186</MsgId>
<Recognition><![CDATA[]]></Recognition>
</xml>
<<<<<<<2019-02-20 18:24:06
<xml><ToUserName><![CDATA[gh_039ab0f43508]]></ToUserName>
<FromUserName><![CDATA[oErw15_FdEIac3VosV2OCxKlzujk]]></FromUserName>
<CreateTime>1550658246</CreateTime>
<MsgType><![CDATA[image]]></MsgType>
<PicUrl><![CDATA[http://mmbiz.qpic.cn/mmbiz_jpg/oBVLqcUncl2R5I5oJsZmb1icHHTyKAHiaiaNV2EX0guNoLM6OqC1uRpwxHe3icIpAGWF4pPb7R2NSpWeJgVgwPQm9w/0]]></PicUrl>
<MsgId>22200088647109278</MsgId>
<MediaId><![CDATA[wM-rJaKk35ZcCkW3uQMq-Q29yfMQEHrR_OwNvS0w7i0t_jNZTaYHpmvEHhRUyM4k]]></MediaId>
</xml>
<<<<<<<2019-02-20 18:24:36
<xml><ToUserName><![CDATA[gh_039ab0f43508]]></ToUserName>
<FromUserName><![CDATA[oErw15_FdEIac3VosV2OCxKlzujk]]></FromUserName>
<CreateTime>1550658276</CreateTime>
<MsgType><![CDATA[video]]></MsgType>
<MediaId><![CDATA[OfkVItxsa_Ma7bVd1Uq2vCDP7wXPMVqarXa7OzPvV1ivD7u272RxGiMM2z1V8_6R]]></MediaId>
<ThumbMediaId><![CDATA[Pi3B16lblHlLOvLd2nEx8Y_W0AFOj9WDLfr1GzCuXLRbJGTVRzYleX2AL1Ck9Ilu]]></ThumbMediaId>
<MsgId>22200086648793934</MsgId>
</xml>
<<<<<<<2019-02-20 18:25:17
<xml><ToUserName><![CDATA[gh_039ab0f43508]]></ToUserName>
<FromUserName><![CDATA[oErw15176c3RYFBb9P5YHs2JzgtM]]></FromUserName>
<CreateTime>1550658317</CreateTime>
<MsgType><![CDATA[event]]></MsgType>
<Event><![CDATA[subscribe]]></Event>
<EventKey><![CDATA[]]></EventKey>
</xml>
<<<<<<<2019-02-20 18:27:16
<xml><ToUserName><![CDATA[gh_039ab0f43508]]></ToUserName>
<FromUserName><![CDATA[oErw15_FdEIac3VosV2OCxKlzujk]]></FromUserName>
<CreateTime>1550634083</CreateTime>
<MsgType><![CDATA[event]]></MsgType>
<Event><![CDATA[subscribe]]></Event>
<EventKey><![CDATA[]]></EventKey>
</xml>
<<<<<<<2019-02-20 18:31:42
<xml><ToUserName><![CDATA[gh_039ab0f43508]]></ToUserName>
<FromUserName><![CDATA[oErw15_FdEIac3VosV2OCxKlzujk]]></FromUserName>
<CreateTime>1550634083</CreateTime>
<MsgType><![CDATA[event]]></MsgType>
<Event><![CDATA[subscribe]]></Event>
<EventKey><![CDATA[]]></EventKey>
</xml>
<<<<<<<2019-02-20 18:31:46
<xml><ToUserName><![CDATA[gh_039ab0f43508]]></ToUserName>
<FromUserName><![CDATA[oErw15_FdEIac3VosV2OCxKlzujk]]></FromUserName>
<CreateTime>1550634083</CreateTime>
<MsgType><![CDATA[event]]></MsgType>
<Event><![CDATA[subscribe]]></Event>
<EventKey><![CDATA[]]></EventKey>
</xml>
<<<<<<<2019-02-20 18:33:53
<xml><ToUserName><![CDATA[gh_039ab0f43508]]></ToUserName>
<FromUserName><![CDATA[oErw15_FdEIac3VosV2OCxKlzujk]]></FromUserName>
<CreateTime>1550634083</CreateTime>
<MsgType><![CDATA[event]]></MsgType>
<Event><![CDATA[subscribe]]></Event>
<EventKey><![CDATA[]]></EventKey>
</xml>
<<<<<<<2019-02-20 18:34:41
<xml><ToUserName><![CDATA[gh_039ab0f43508]]></ToUserName>
<FromUserName><![CDATA[oErw15_FdEIac3VosV2OCxKlzujk]]></FromUserName>
<CreateTime>1550634083</CreateTime>
<MsgType><![CDATA[event]]></MsgType>
<Event><![CDATA[subscribe]]></Event>
<EventKey><![CDATA[]]></EventKey>
</xml>
<<<<<<<2019-02-20 18:37:16
<xml><ToUserName><![CDATA[gh_039ab0f43508]]></ToUserName>
<FromUserName><![CDATA[oErw15_FdEIac3VosV2OCxKlzujk]]></FromUserName>
<CreateTime>1550634083</CreateTime>
<MsgType><![CDATA[event]]></MsgType>
<Event><![CDATA[subscribe]]></Event>
<EventKey><![CDATA[]]></EventKey>
</xml>
<<<<<<<2019-02-20 18:40:28
<xml><ToUserName><![CDATA[gh_039ab0f43508]]></ToUserName>
<FromUserName><![CDATA[oErw15_FdEIac3VosV2OCxKlzujk]]></FromUserName>
<CreateTime>1550659228</CreateTime>
<MsgType><![CDATA[event]]></MsgType>
<Event><![CDATA[subscribe]]></Event>
<EventKey><![CDATA[]]></EventKey>
</xml>
<<<<<<<2019-02-20 18:41:05
<xml><ToUserName><![CDATA[gh_039ab0f43508]]></ToUserName>
<FromUserName><![CDATA[oErw15_FdEIac3VosV2OCxKlzujk]]></FromUserName>
<CreateTime>1550634083</CreateTime>
<MsgType><![CDATA[event]]></MsgType>
<Event><![CDATA[subscribe]]></Event>
<EventKey><![CDATA[]]></EventKey>
</xml>
<<<<<<<2019-02-20 18:41:59
<xml><ToUserName><![CDATA[gh_039ab0f43508]]></ToUserName>
<FromUserName><![CDATA[oErw15_FdEIac3VosV2OCxKlzujk]]></FromUserName>
<CreateTime>1550634083</CreateTime>
<MsgType><![CDATA[event]]></MsgType>
<Event><![CDATA[subscribe]]></Event>
<EventKey><![CDATA[]]></EventKey>
</xml>
<<<<<<<2019-02-20 18:49:32
<xml><ToUserName><![CDATA[gh_039ab0f43508]]></ToUserName>
<FromUserName><![CDATA[oErw152gQfHeSu1x5hSOx6g-ZzkQ]]></FromUserName>
<CreateTime>1550659771</CreateTime>
<MsgType><![CDATA[event]]></MsgType>
<Event><![CDATA[subscribe]]></Event>
<EventKey><![CDATA[]]></EventKey>
</xml>
<<<<<<<2019-02-20 18:49:42
<xml><ToUserName><![CDATA[gh_039ab0f43508]]></ToUserName>
<FromUserName><![CDATA[oErw152gQfHeSu1x5hSOx6g-ZzkQ]]></FromUserName>
<CreateTime>1550659781</CreateTime>
<MsgType><![CDATA[text]]></MsgType>
<Content><![CDATA[GG]]></Content>
<MsgId>22200110102390284</MsgId>
</xml>
<<<<<<<2019-02-20 18:56:03
<xml><ToUserName><![CDATA[gh_039ab0f43508]]></ToUserName>
<FromUserName><![CDATA[oErw15x_XSPEK6jm5s0K9QDlidVU]]></FromUserName>
<CreateTime>1550660163</CreateTime>
<MsgType><![CDATA[event]]></MsgType>
<Event><![CDATA[unsubscribe]]></Event>
<EventKey><![CDATA[]]></EventKey>
</xml>
<<<<<<<2019-02-21 08:42:50
<xml><ToUserName><![CDATA[gh_039ab0f43508]]></ToUserName>
<FromUserName><![CDATA[oErw15_FdEIac3VosV2OCxKlzujk]]></FromUserName>
<CreateTime>1550709770</CreateTime>
<MsgType><![CDATA[text]]></MsgType>
<Content><![CDATA[哦哦]]></Content>
<MsgId>22200826533661067</MsgId>
</xml>
<<<<<<<2019-02-21 08:42:57
<xml><ToUserName><![CDATA[gh_039ab0f43508]]></ToUserName>
<FromUserName><![CDATA[oErw15_FdEIac3VosV2OCxKlzujk]]></FromUserName>
<CreateTime>1550709777</CreateTime>
<MsgType><![CDATA[image]]></MsgType>
<PicUrl><![CDATA[http://mmbiz.qpic.cn/mmbiz_jpg/oBVLqcUncl1fuFDzTfs1AgFOyf070gbZicwSBIqriaNebQDC4IJ35np7EiagwibeSaXgsQ53lDzxkxTvDpB4SvzuLA/0]]></PicUrl>
<MsgId>22200825440566264</MsgId>
<MediaId><![CDATA[eAr1Oqsi79zBePlnuQ5BJhqBEkESMbqPOES2MA2-1DnIGZnKZvYLGc762OF8Bv1X]]></MediaId>
</xml>
<<<<<<<2019-02-21 08:43:01
<xml><ToUserName><![CDATA[gh_039ab0f43508]]></ToUserName>
<FromUserName><![CDATA[oErw15_FdEIac3VosV2OCxKlzujk]]></FromUserName>
<CreateTime>1550709781</CreateTime>
<MsgType><![CDATA[event]]></MsgType>
<Event><![CDATA[CLICK]]></Event>
<EventKey><![CDATA[kefu01]]></EventKey>
</xml>
<<<<<<<2019-02-21 08:51:08
<xml><ToUserName><![CDATA[gh_039ab0f43508]]></ToUserName>
<FromUserName><![CDATA[oErw1504zmWqjyj8J61ZFRpVj36U]]></FromUserName>
<CreateTime>1550710268</CreateTime>
<MsgType><![CDATA[event]]></MsgType>
<Event><![CDATA[MASSSENDJOBFINISH]]></Event>
<MsgID>1000000013</MsgID>
<Status><![CDATA[send success]]></Status>
<TotalCount>3</TotalCount>
<FilterCount>3</FilterCount>
<SentCount>3</SentCount>
<ErrorCount>0</ErrorCount>
<CopyrightCheckResult><Count>0</Count>
<ResultList></ResultList>
<CheckState>0</CheckState>
</CopyrightCheckResult>
</xml>
<<<<<<<2019-02-21 10:00:47
<xml><ToUserName><![CDATA[gh_039ab0f43508]]></ToUserName>
<FromUserName><![CDATA[oErw15_FdEIac3VosV2OCxKlzujk]]></FromUserName>
<CreateTime>1550714446</CreateTime>
<MsgType><![CDATA[image]]></MsgType>
<PicUrl><![CDATA[http://mmbiz.qpic.cn/mmbiz_jpg/oBVLqcUncl1fuFDzTfs1AgFOyf070gbZicwSBIqriaNebQDC4IJ35np7EiagwibeSaXgsQ53lDzxkxTvDpB4SvzuLA/0]]></PicUrl>
<MsgId>22200896401265772</MsgId>
<MediaId><![CDATA[Bv7BUwf1z8Bk4xE5_hKVafWsHUfvraopVTbFZbd3KOUI0gXG6qj403VtzjWMcU-l]]></MediaId>
</xml>
<<<<<<<2019-02-21 10:02:06
<xml><ToUserName><![CDATA[gh_039ab0f43508]]></ToUserName>
<FromUserName><![CDATA[oErw15_FdEIac3VosV2OCxKlzujk]]></FromUserName>
<CreateTime>1550714525</CreateTime>
<MsgType><![CDATA[image]]></MsgType>
<PicUrl><![CDATA[http://mmbiz.qpic.cn/mmbiz_jpg/oBVLqcUncl1fuFDzTfs1AgFOyf070gbZPL0ib1Csq6ibFdmTIMvcf4LhcBUHysXdnkCaysySjt2WvJJiaw1JdtRZQ/0]]></PicUrl>
<MsgId>22200892649526001</MsgId>
<MediaId><![CDATA[VhZI13lJe5LErXMddIlMlmc_6T2B5200orCTe88E5cdeXmNzTBRyN8Q9YdCkxTSo]]></MediaId>
</xml>
<<<<<<<2019-02-21 10:11:34
<xml><ToUserName><![CDATA[gh_039ab0f43508]]></ToUserName>
<FromUserName><![CDATA[oErw15_FdEIac3VosV2OCxKlzujk]]></FromUserName>
<CreateTime>1550715094</CreateTime>
<MsgType><![CDATA[image]]></MsgType>
<PicUrl><![CDATA[http://mmbiz.qpic.cn/mmbiz_jpg/oBVLqcUncl1fuFDzTfs1AgFOyf070gbZibQfl7soJsa0G96gG7k27sMYEiaf8CMbzfp4mWcrfmbuYb58qd5dic8sQ/0]]></PicUrl>
<MsgId>22200904304120515</MsgId>
<MediaId><![CDATA[_3lOdKQc66KaNNeQjtIUJu3VnTegl2RHciFeZBzD75EV3RI8zJxeBYKqmRMPUd_b]]></MediaId>
</xml>
<<<<<<<2019-02-21 10:11:35
<xml><ToUserName><![CDATA[gh_039ab0f43508]]></ToUserName>
<FromUserName><![CDATA[oErw15_FdEIac3VosV2OCxKlzujk]]></FromUserName>
<CreateTime>1550715094</CreateTime>
<MsgType><![CDATA[image]]></MsgType>
<PicUrl><![CDATA[http://mmbiz.qpic.cn/mmbiz_jpg/oBVLqcUncl1fuFDzTfs1AgFOyf070gbZibQfl7soJsa0G96gG7k27sMYEiaf8CMbzfp4mWcrfmbuYb58qd5dic8sQ/0]]></PicUrl>
<MsgId>22200904304120515</MsgId>
<MediaId><![CDATA[ojYSsJoXxrL-81j9ihpsC1wE4TVyfMmMaJ9HOrPcEkCKX4Dyf8MQ2moZbZ9LGseK]]></MediaId>
</xml>
<<<<<<<2019-02-21 10:12:09
<xml><ToUserName><![CDATA[gh_039ab0f43508]]></ToUserName>
<FromUserName><![CDATA[oErw15_FdEIac3VosV2OCxKlzujk]]></FromUserName>
<CreateTime>1550715129</CreateTime>
<MsgType><![CDATA[image]]></MsgType>
<PicUrl><![CDATA[http://mmbiz.qpic.cn/mmbiz_jpg/oBVLqcUncl1fuFDzTfs1AgFOyf070gbZjsSI7yeHvsA6gQPAm4pFJO9WRwicDSTwb6B4rNSwoFt4nt3mL8dZDXw/0]]></PicUrl>
<MsgId>22200901345287025</MsgId>
<MediaId><![CDATA[RExAsb8IiP5a6_AzVesMpsSaqE33-zDCSC8D6VpT26mllru9u7-sr8F8_8XL6fcJ]]></MediaId>
</xml>
<<<<<<<2019-02-22 16:30:26
<xml><ToUserName><![CDATA[gh_039ab0f43508]]></ToUserName>
<FromUserName><![CDATA[oErw152gQfHeSu1x5hSOx6g-ZzkQ]]></FromUserName>
<CreateTime>1550824225</CreateTime>
<MsgType><![CDATA[event]]></MsgType>
<Event><![CDATA[unsubscribe]]></Event>
<EventKey><![CDATA[]]></EventKey>
</xml>
<<<<<<<2019-02-23 09:58:59
<xml><ToUserName><![CDATA[gh_039ab0f43508]]></ToUserName>
<FromUserName><![CDATA[oErw1504zmWqjyj8J61ZFRpVj36U]]></FromUserName>
<CreateTime>1550887139</CreateTime>
<MsgType><![CDATA[event]]></MsgType>
<Event><![CDATA[MASSSENDJOBFINISH]]></Event>
<MsgID>1000000014</MsgID>
<Status><![CDATA[send success]]></Status>
<TotalCount>2</TotalCount>
<FilterCount>2</FilterCount>
<SentCount>2</SentCount>
<ErrorCount>0</ErrorCount>
<CopyrightCheckResult><Count>0</Count>
<ResultList></ResultList>
<CheckState>0</CheckState>
</CopyrightCheckResult>
</xml>
<<<<<<<